Unable to contact Data Flow Server at 'http://localhost:9393/': 'org.springframework.web.client.ResourceAccessException: I/O error on GET request for "http://localhost:9393/security/info": Connect to localhost:9393 [localhost/127.0.0.1, localhost/0:0:0:0:0:0:0:1] failed: Connection refused: connect; nested exception is org.apache.http.conn.HttpHostConnectException: Connect to localhost:9393 [localhost/127.0.0.1, localhost/0:0:0:0:0:0:0:1] failed: Connection refused: connect'.
2021-03-12T17:19:03-0500 INFO main o.s.c.d.s.DataflowJLineShellComponent:311 - Successfully targeted http://localhost:8080
2021-03-12T17:19:04-0500 INFO main o.s.c.d.s.DataflowJLineShellComponent:309 - ?????????????????????????????????????????????????????????
?         Task Name          ?ID ? Start  ?End Time?Exit?
?                            ?   ?  Time  ?        ?Code?
?????????????????????????????????????????????????????????
?task-outbound-app-tcc-unlock?106?Fri Mar ?Fri Mar ?0   ?
?                            ?   ?12      ?12      ?    ?
?                            ?   ?16:40:53?16:40:54?    ?
?                            ?   ?EST 2021?EST 2021?    ?
?task-outbound-app-outbound  ?105?Fri Mar ?Fri Mar ?0   ?
?                            ?   ?12      ?12      ?    ?
?                            ?   ?16:40:14?16:40:25?    ?
?                            ?   ?EST 2021?EST 2021?    ?
?task-outbound-app-tcc-lock  ?104?Fri Mar ?Fri Mar ?0   ?
?                            ?   ?12      ?12      ?    ?
?                            ?   ?16:39:12?16:39:13?    ?
?                            ?   ?EST 2021?EST 2021?    ?
?task-outbound               ?103?Fri Mar ?Fri Mar ?0   ?
?                            ?   ?12      ?12      ?    ?
?                            ?   ?16:38:47?16:40:59?    ?
?                            ?   ?EST 2021?EST 2021?    ?
?reset-tcc-outbound-event    ?102?Fri Mar ?Fri Mar ?1   ?
?                            ?   ?12      ?12      ?    ?
?                            ?   ?15:46:35?15:46:37?    ?
?                            ?   ?EST 2021?EST 2021?    ?
?task-inbound                ?108?Fri Mar ?Fri Mar ?0   ?
?                            ?   ?12      ?12      ?    ?
?                            ?   ?16:38:47?16:40:59?    ?
?                            ?   ?EST 2021?EST 2021?    ?
?task-outbound               ?109?Fri Mar ?        ?    ?
?                            ?   ?12      ?        ?    ?
?                            ?   ?16:38:47?        ?    ?
?                            ?   ?EST 2021?        ?    ?
?????????????????????????????????????????????????????????

